{"uuid":"6e5af795-3662-4184-a400-c9dbc874722e","historyId":"bf8524350d3e1eadd2fe6b8d8b2e2e1a","fullName":"tests.AdminTests.testAddUser","labels":[{"name":"package","value":"tests.AdminTests"},{"name":"testClass","value":"tests.AdminTests"},{"name":"testMethod","value":"testAddUser"},{"name":"parentSuite","value":"Default Suite"},{"name":"suite","value":"iGenTech"},{"name":"subSuite","value":"tests.AdminTests"},{"name":"host","value":"Leeloo"},{"name":"thread","value":"17456@Leeloo.main(1)"},{"name":"framework","value":"testng"},{"name":"language","value":"java"}],"links":[],"name":"testAddUser","status":"broken","statusDetails":{"known":false,"muted":false,"flaky":false,"message":"Error {\n  message='DOMException: Failed to execute 'querySelectorAll' on 'Document': 'span:matches-text(\"Record(s)? Found\")' is not a valid selector.\n    at query (<anonymous>:3426:41)\n    at <anonymous>:3436:7\n    at SelectorEvaluatorImpl._cached (<anonymous>:3213:20)\n    at SelectorEvaluatorImpl._queryCSS (<anonymous>:3423:17)\n    at SelectorEvaluatorImpl._querySimple (<anonymous>:3303:19)\n    at <anonymous>:3251:29\n    at SelectorEvaluatorImpl._cached (<anonymous>:3213:20)\n    at SelectorEvaluatorImpl.query (<anonymous>:3244:19)\n    at Object.query (<anonymous>:3458:44)\n    at <anonymous>:3416:21\n  name='Error\n  stack='Error: DOMException: Failed to execute 'querySelectorAll' on 'Document': 'span:matches-text(\"Record(s)? Found\")' is not a valid selector.\n    at query (<anonymous>:3426:41)\n    at <anonymous>:3436:7\n    at SelectorEvaluatorImpl._cached (<anonymous>:3213:20)\n    at SelectorEvaluatorImpl._queryCSS (<anonymous>:3423:17)\n    at SelectorEvaluatorImpl._querySimple (<anonymous>:3303:19)\n    at <anonymous>:3251:29\n    at SelectorEvaluatorImpl._cached (<anonymous>:3213:20)\n    at SelectorEvaluatorImpl.query (<anonymous>:3244:19)\n    at Object.query (<anonymous>:3458:44)\n    at <anonymous>:3416:21\n    at CRExecutionContext.evaluateWithArguments (C:\\Users\\dell\\AppData\\Local\\Temp\\playwright-java-4859995339128633103\\package\\lib\\server\\chromium\\crExecutionContext.js:92:33)\n    at async LongStandingScope._race (C:\\Users\\dell\\AppData\\Local\\Temp\\playwright-java-4859995339128633103\\package\\lib\\utils\\manualPromise.js:96:14)\n    at async evaluateExpression (C:\\Users\\dell\\AppData\\Local\\Temp\\playwright-java-4859995339128633103\\package\\lib\\server\\javascript.js:241:12)\n    at async FrameSelectors.queryCount (C:\\Users\\dell\\AppData\\Local\\Temp\\playwright-java-4859995339128633103\\package\\lib\\server\\frameSelectors.js:74:12)\n    at async Frame.queryCount (C:\\Users\\dell\\AppData\\Local\\Temp\\playwright-java-4859995339128633103\\package\\lib\\server\\frames.js:742:12)\n    at async FrameDispatcher.queryCount (C:\\Users\\dell\\AppData\\Local\\Temp\\playwright-java-4859995339128633103\\package\\lib\\server\\dispatchers\\frameDispatcher.js:135:14)\n    at async LongStandingScope._race (C:\\Users\\dell\\AppData\\Local\\Temp\\playwright-java-4859995339128633103\\package\\lib\\utils\\manualPromise.js:96:14)\n    at async FrameDispatcher._handleCommand (C:\\Users\\dell\\AppData\\Local\\Temp\\playwright-java-4859995339128633103\\package\\lib\\server\\dispatchers\\dispatcher.js:96:14)\n    at async DispatcherConnection.dispatch (C:\\Users\\dell\\AppData\\Local\\Temp\\playwright-java-4859995339128633103\\package\\lib\\server\\dispatchers\\dispatcher.js:361:22)\n}","trace":"com.microsoft.playwright.PlaywrightException: Error {\n  message='DOMException: Failed to execute 'querySelectorAll' on 'Document': 'span:matches-text(\"Record(s)? Found\")' is not a valid selector.\n    at query (<anonymous>:3426:41)\n    at <anonymous>:3436:7\n    at SelectorEvaluatorImpl._cached (<anonymous>:3213:20)\n    at SelectorEvaluatorImpl._queryCSS (<anonymous>:3423:17)\n    at SelectorEvaluatorImpl._querySimple (<anonymous>:3303:19)\n    at <anonymous>:3251:29\n    at SelectorEvaluatorImpl._cached (<anonymous>:3213:20)\n    at SelectorEvaluatorImpl.query (<anonymous>:3244:19)\n    at Object.query (<anonymous>:3458:44)\n    at <anonymous>:3416:21\n  name='Error\n  stack='Error: DOMException: Failed to execute 'querySelectorAll' on 'Document': 'span:matches-text(\"Record(s)? Found\")' is not a valid selector.\n    at query (<anonymous>:3426:41)\n    at <anonymous>:3436:7\n    at SelectorEvaluatorImpl._cached (<anonymous>:3213:20)\n    at SelectorEvaluatorImpl._queryCSS (<anonymous>:3423:17)\n    at SelectorEvaluatorImpl._querySimple (<anonymous>:3303:19)\n    at <anonymous>:3251:29\n    at SelectorEvaluatorImpl._cached (<anonymous>:3213:20)\n    at SelectorEvaluatorImpl.query (<anonymous>:3244:19)\n    at Object.query (<anonymous>:3458:44)\n    at <anonymous>:3416:21\n    at CRExecutionContext.evaluateWithArguments (C:\\Users\\dell\\AppData\\Local\\Temp\\playwright-java-4859995339128633103\\package\\lib\\server\\chromium\\crExecutionContext.js:92:33)\n    at async LongStandingScope._race (C:\\Users\\dell\\AppData\\Local\\Temp\\playwright-java-4859995339128633103\\package\\lib\\utils\\manualPromise.js:96:14)\n    at async evaluateExpression (C:\\Users\\dell\\AppData\\Local\\Temp\\playwright-java-4859995339128633103\\package\\lib\\server\\javascript.js:241:12)\n    at async FrameSelectors.queryCount (C:\\Users\\dell\\AppData\\Local\\Temp\\playwright-java-4859995339128633103\\package\\lib\\server\\frameSelectors.js:74:12)\n    at async Frame.queryCount (C:\\Users\\dell\\AppData\\Local\\Temp\\playwright-java-4859995339128633103\\package\\lib\\server\\frames.js:742:12)\n    at async FrameDispatcher.queryCount (C:\\Users\\dell\\AppData\\Local\\Temp\\playwright-java-4859995339128633103\\package\\lib\\server\\dispatchers\\frameDispatcher.js:135:14)\n    at async LongStandingScope._race (C:\\Users\\dell\\AppData\\Local\\Temp\\playwright-java-4859995339128633103\\package\\lib\\utils\\manualPromise.js:96:14)\n    at async FrameDispatcher._handleCommand (C:\\Users\\dell\\AppData\\Local\\Temp\\playwright-java-4859995339128633103\\package\\lib\\server\\dispatchers\\dispatcher.js:96:14)\n    at async DispatcherConnection.dispatch (C:\\Users\\dell\\AppData\\Local\\Temp\\playwright-java-4859995339128633103\\package\\lib\\server\\dispatchers\\dispatcher.js:361:22)\n}\r\n\tat com.microsoft.playwright.impl.WaitableResult.get(WaitableResult.java:56)\r\n\tat com.microsoft.playwright.impl.ChannelOwner.runUntil(ChannelOwner.java:120)\r\n\tat com.microsoft.playwright.impl.Connection.sendMessage(Connection.java:130)\r\n\tat com.microsoft.playwright.impl.ChannelOwner.sendMessage(ChannelOwner.java:106)\r\n\tat com.microsoft.playwright.impl.FrameImpl.queryCount(FrameImpl.java:1116)\r\n\tat com.microsoft.playwright.impl.LocatorImpl.count(LocatorImpl.java:165)\r\n\tat pages.AdminPage.getRecordCount(AdminPage.java:67)\r\n\tat tests.AdminTests.testAddUser(AdminTests.java:71)\r\n\tat java.base/jdk.internal.reflect.DirectMethodHandleAccessor.invoke(DirectMethodHandleAccessor.java:103)\r\n\tat java.base/java.lang.reflect.Method.invoke(Method.java:580)\r\n\tat org.testng.internal.invokers.MethodInvocationHelper.invokeMethod(MethodInvocationHelper.java:141)\r\n\tat org.testng.internal.invokers.TestInvoker.invokeMethod(TestInvoker.java:687)\r\n\tat org.testng.internal.invokers.TestInvoker.invokeTestMethod(TestInvoker.java:230)\r\n\tat org.testng.internal.invokers.MethodRunner.runInSequence(MethodRunner.java:63)\r\n\tat org.testng.internal.invokers.TestInvoker$MethodInvocationAgent.invoke(TestInvoker.java:995)\r\n\tat org.testng.internal.invokers.TestInvoker.invokeTestMethods(TestInvoker.java:203)\r\n\tat org.testng.internal.invokers.TestMethodWorker.invokeTestMethods(TestMethodWorker.java:154)\r\n\tat org.testng.internal.invokers.TestMethodWorker.run(TestMethodWorker.java:134)\r\n\tat java.base/java.util.ArrayList.forEach(ArrayList.java:1597)\r\n\tat org.testng.TestRunner.privateRun(TestRunner.java:741)\r\n\tat org.testng.TestRunner.run(TestRunner.java:616)\r\n\tat org.testng.SuiteRunner.runTest(SuiteRunner.java:421)\r\n\tat org.testng.SuiteRunner.runSequentially(SuiteRunner.java:413)\r\n\tat org.testng.SuiteRunner.privateRun(SuiteRunner.java:373)\r\n\tat org.testng.SuiteRunner.run(SuiteRunner.java:312)\r\n\tat org.testng.SuiteRunnerWorker.runSuite(SuiteRunnerWorker.java:52)\r\n\tat org.testng.SuiteRunnerWorker.run(SuiteRunnerWorker.java:95)\r\n\tat org.testng.TestNG.runSuitesSequentially(TestNG.java:1274)\r\n\tat org.testng.TestNG.runSuitesLocally(TestNG.java:1208)\r\n\tat org.testng.TestNG.runSuites(TestNG.java:1112)\r\n\tat org.testng.TestNG.run(TestNG.java:1079)\r\n\tat com.intellij.rt.testng.IDEARemoteTestNG.run(IDEARemoteTestNG.java:65)\r\n\tat com.intellij.rt.testng.RemoteTestNGStarter.main(RemoteTestNGStarter.java:105)\r\nCaused by: com.microsoft.playwright.impl.DriverException: Error {\n  message='DOMException: Failed to execute 'querySelectorAll' on 'Document': 'span:matches-text(\"Record(s)? Found\")' is not a valid selector.\n    at query (<anonymous>:3426:41)\n    at <anonymous>:3436:7\n    at SelectorEvaluatorImpl._cached (<anonymous>:3213:20)\n    at SelectorEvaluatorImpl._queryCSS (<anonymous>:3423:17)\n    at SelectorEvaluatorImpl._querySimple (<anonymous>:3303:19)\n    at <anonymous>:3251:29\n    at SelectorEvaluatorImpl._cached (<anonymous>:3213:20)\n    at SelectorEvaluatorImpl.query (<anonymous>:3244:19)\n    at Object.query (<anonymous>:3458:44)\n    at <anonymous>:3416:21\n  name='Error\n  stack='Error: DOMException: Failed to execute 'querySelectorAll' on 'Document': 'span:matches-text(\"Record(s)? Found\")' is not a valid selector.\n    at query (<anonymous>:3426:41)\n    at <anonymous>:3436:7\n    at SelectorEvaluatorImpl._cached (<anonymous>:3213:20)\n    at SelectorEvaluatorImpl._queryCSS (<anonymous>:3423:17)\n    at SelectorEvaluatorImpl._querySimple (<anonymous>:3303:19)\n    at <anonymous>:3251:29\n    at SelectorEvaluatorImpl._cached (<anonymous>:3213:20)\n    at SelectorEvaluatorImpl.query (<anonymous>:3244:19)\n    at Object.query (<anonymous>:3458:44)\n    at <anonymous>:3416:21\n    at CRExecutionContext.evaluateWithArguments (C:\\Users\\dell\\AppData\\Local\\Temp\\playwright-java-4859995339128633103\\package\\lib\\server\\chromium\\crExecutionContext.js:92:33)\n    at async LongStandingScope._race (C:\\Users\\dell\\AppData\\Local\\Temp\\playwright-java-4859995339128633103\\package\\lib\\utils\\manualPromise.js:96:14)\n    at async evaluateExpression (C:\\Users\\dell\\AppData\\Local\\Temp\\playwright-java-4859995339128633103\\package\\lib\\server\\javascript.js:241:12)\n    at async FrameSelectors.queryCount (C:\\Users\\dell\\AppData\\Local\\Temp\\playwright-java-4859995339128633103\\package\\lib\\server\\frameSelectors.js:74:12)\n    at async Frame.queryCount (C:\\Users\\dell\\AppData\\Local\\Temp\\playwright-java-4859995339128633103\\package\\lib\\server\\frames.js:742:12)\n    at async FrameDispatcher.queryCount (C:\\Users\\dell\\AppData\\Local\\Temp\\playwright-java-4859995339128633103\\package\\lib\\server\\dispatchers\\frameDispatcher.js:135:14)\n    at async LongStandingScope._race (C:\\Users\\dell\\AppData\\Local\\Temp\\playwright-java-4859995339128633103\\package\\lib\\utils\\manualPromise.js:96:14)\n    at async FrameDispatcher._handleCommand (C:\\Users\\dell\\AppData\\Local\\Temp\\playwright-java-4859995339128633103\\package\\lib\\server\\dispatchers\\dispatcher.js:96:14)\n    at async DispatcherConnection.dispatch (C:\\Users\\dell\\AppData\\Local\\Temp\\playwright-java-4859995339128633103\\package\\lib\\server\\dispatchers\\dispatcher.js:361:22)\n}\r\n\tat com.microsoft.playwright.impl.Connection.dispatch(Connection.java:259)\r\n\tat com.microsoft.playwright.impl.Connection.processOneMessage(Connection.java:211)\r\n\tat com.microsoft.playwright.impl.ChannelOwner.runUntil(ChannelOwner.java:118)\r\n\t... 31 more\r\n"},"stage":"finished","steps":[],"attachments":[],"parameters":[],"start":1756117685078,"stop":1756117688391}